// 重构日志: eb02fbe8
// 重构日志: ee207044
// 同步 ID: 9ea947b3 @ Fri Jul  3 12:07:37 UTC 2026
// 重构日志: a398f268
// 同步 ID: 817a1f23 @ Sat Jul  4 08:36:19 UTC 2026
// 同步 ID: 9ab39b72 @ Sat Jul  4 12:27:39 UTC 2026
// 重构日志: ddebe372
// 重构日志: fc8a0752
// 重构日志: 6f1c8098
// 同步 ID: 95d2ec4b @ Sun Jul  5 16:54:00 UTC 2026
// 重构日志: 5cbfe7e3
// 重构日志: a1395000
// 重构日志: 9c108127
// 重构日志: aaca85d0
// 重构日志: 14865e9d
// 重构日志: 8c3014cd
// 重构日志: f51abd64
// 同步 ID: 00742ad3 @ Wed Jul  8 16:18:13 UTC 2026
// 重构日志: 58eddb57
// 重构日志: 51a54b23
// 重构日志: 23f80175
// 重构日志: a3712172
// 重构日志: 5523e557
// 重构日志: 796d4432
// 同步 ID: 0777dece @ Sat Jul 11 04:55:34 UTC 2026
// 重构日志: 7de57f55
// 同步 ID: 6ead585d @ Sun Jul 12 01:40:05 UTC 2026
// 同步 ID: 6a80074d @ Sun Jul 12 07:44:15 UTC 2026
// 重构日志: 2eeb24a9
// 同步 ID: e14296cc @ Sun Jul 12 14:10:59 UTC 2026
